<?xml version="1.0" encoding="UTF-8"?>
<testng-results skipped="0" failed="0" ignored="0" total="1" passed="1">
  <reporter-output>
  </reporter-output>
  <suite name="Default suite" duration-ms="109392" started-at="2021-04-10T14:42:41Z" finished-at="2021-04-10T14:44:31Z">
    <groups>
    </groups>
    <test name="Default test" duration-ms="109392" started-at="2021-04-10T14:42:41Z" finished-at="2021-04-10T14:44:31Z">
      <class name="NoBroker">
        <test-method status="PASS" signature="setup()[pri:0, instance:NoBroker@5d5eef3d]" name="setup" is-config="true" duration-ms="11371" started-at="2021-04-10T20:12:41Z" finished-at="2021-04-10T20:12:53Z">
          <reporter-output>
          </reporter-output>
        </test-method> <!-- setup -->
        <test-method status="PASS" signature="start()[pri:0, instance:NoBroker@5d5eef3d]" name="start" duration-ms="97452" started-at="2021-04-10T20:12:53Z" finished-at="2021-04-10T20:14:30Z">
          <reporter-output>
          </reporter-output>
        </test-method> <!-- start -->
        <test-method status="PASS" signature="tearDown()[pri:0, instance:NoBroker@5d5eef3d]" name="tearDown" is-config="true" duration-ms="547" started-at="2021-04-10T20:14:30Z" finished-at="2021-04-10T20:14:31Z">
          <reporter-output>
          </reporter-output>
        </test-method> <!-- tearDown -->
      </class> <!-- NoBroker -->
    </test> <!-- Default test -->
  </suite> <!-- Default suite -->
</testng-results>
